Сборка начата 05.10.2024 14:26:16.
Уровень детализации журнала: Normal.     1>Проект "D:\University\Лабораторные работы\ОаИП\№5\oaip.lab5\l5.dops\l5.dops.vcxproj" в узле 2 (целевые объекты Build).
     1>PrepareForBuild:
         Структурированный вывод включен. Форматирование диагностики компилятора будет отражать иерархию ошибок. Подробнее см. https://aka.ms/cpp/structured-output.
       InitializeBuildStatus:
         Создание "x64\Debug\l5.dops.tlog\unsuccessfulbuild", так как было задано "AlwaysCreate".
         Обращение к "x64\Debug\l5.dops.tlog\unsuccessfulbuild".
       ClCompile:
         C:\program files\microsoft visual studio\2022\community\VC\Tools\MSVC\14.41.34120\bin\HostX64\x64\CL.exe /c /ZI /JMC /nologo /W3 /WX- /diagnostics:column /sdl /Od /D _DEBUG /D _CONSOLE /D _UNICODE /D UNICODE /Gm- /EHsc /RTC1 /MDd /GS /fp:precise /Zc:wchar_t /Zc:forScope /Zc:inline /permissive- /Fo"x64\Debug\\" /Fd"x64\Debug\vc143.pdb" /external:W3 /Gd /TP /FC /errorReport:prompt l5.dops.cpp
         l5.dops.cpp
     1>D:\University\Лабораторные работы\ОаИП\№5\oaip.lab5\l5.dops\l5.dops.cpp(32,13): warning C4244: =: преобразование "double" в "int", возможна потеря данных
       Link:
         C:\program files\microsoft visual studio\2022\community\VC\Tools\MSVC\14.41.34120\bin\HostX64\x64\link.exe /ERRORREPORT:PROMPT /OUT:"D:\University\Лабораторные работы\ОаИП\№5\oaip.lab5\x64\Debug\l5.dops.exe" /INCREMENTAL /ILK:"x64\Debug\l5.dops.ilk" /NOLOGO kernel32.lib user32.lib gdi32.lib winspool.lib comdlg32.lib advapi32.lib shell32.lib ole32.lib oleaut32.lib uuid.lib odbc32.lib odbccp32.lib /MANIFEST /MANIFESTUAC:"level='asInvoker' uiAccess='false'" /manifest:embed /DEBUG /PDB:"D:\University\Лабораторные работы\ОаИП\№5\oaip.lab5\x64\Debug\l5.dops.pdb" /SUBSYSTEM:CONSOLE /TLBID:1 /DYNAMICBASE /NXCOMPAT /IMPLIB:"D:\University\Лабораторные работы\ОаИП\№5\oaip.lab5\x64\Debug\l5.dops.lib" /MACHINE:X64 x64\Debug\l5.dops.obj
         l5.dops.vcxproj -> D:\University\Лабораторные работы\ОаИП\№5\oaip.lab5\x64\Debug\l5.dops.exe
       FinalizeBuildStatus:
         Файл "x64\Debug\l5.dops.tlog\unsuccessfulbuild" удаляется.
         Обращение к "x64\Debug\l5.dops.tlog\l5.dops.lastbuildstate".
     1>Сборка проекта "D:\University\Лабораторные работы\ОаИП\№5\oaip.lab5\l5.dops\l5.dops.vcxproj" завершена (целевые объекты Build).

Сборка успешно завершена.

       "D:\University\Лабораторные работы\ОаИП\№5\oaip.lab5\l5.dops\l5.dops.vcxproj" (целевой объект Build ) (1) ->
       (Целевой объект ClCompile) -> 
         D:\University\Лабораторные работы\ОаИП\№5\oaip.lab5\l5.dops\l5.dops.cpp(32,13): warning C4244: =: преобразование "double" в "int", возможна потеря данных

    Предупреждений: 1
    Ошибок: 0

Прошло времени 00:00:01.01
