Сборка начата 23.11.2024 14:09:07.
Уровень детализации журнала: Normal.     1>Проект "D:\University\Лабораторные работы\ОаИП\№11\oaip.lab.11.ex1\oaip.lab.11.ex1.vcxproj" в узле 2 (целевые объекты Build).
     1>PrepareForBuild:
         Структурированный вывод включен. Форматирование диагностики компилятора будет отражать иерархию ошибок. Подробнее см. https://aka.ms/cpp/structured-output.
       InitializeBuildStatus:
         Создание "oaip.lab.11.ex1\x64\Debug\oaip.lab.11.ex1.tlog\unsuccessfulbuild", так как было задано "AlwaysCreate".
         Обращение к "oaip.lab.11.ex1\x64\Debug\oaip.lab.11.ex1.tlog\unsuccessfulbuild".
       ClCompile:
         C:\Program Files\Microsoft Visual Studio\2022\Community\VC\Tools\MSVC\14.41.34120\bin\HostX64\x64\CL.exe /c /ZI /JMC /nologo /W3 /WX- /diagnostics:column /sdl /Od /D _DEBUG /D _CONSOLE /D _UNICODE /D UNICODE /Gm- /EHsc /RTC1 /MDd /GS /fp:precise /Zc:wchar_t /Zc:forScope /Zc:inline /permissive- /Fo"oaip.lab.11.ex1\x64\Debug\\" /Fd"oaip.lab.11.ex1\x64\Debug\vc143.pdb" /external:W3 /Gd /TP /FC /errorReport:prompt e1.cpp
         e1.cpp
     1>D:\University\Лабораторные работы\ОаИП\№11\oaip.lab.11.ex1\e1.cpp(6,6): warning C4326: возвращаемый тип "main" должен быть "int", а не "void"
       Link:
         C:\Program Files\Microsoft Visual Studio\2022\Community\VC\Tools\MSVC\14.41.34120\bin\HostX64\x64\link.exe /ERRORREPORT:PROMPT /OUT:"D:\University\Лабораторные работы\ОаИП\№11\oaip.lab.11.ex1\x64\Debug\oaip.lab.11.ex1.exe" /INCREMENTAL /ILK:"oaip.lab.11.ex1\x64\Debug\oaip.lab.11.ex1.ilk" /NOLOGO kernel32.lib user32.lib gdi32.lib winspool.lib comdlg32.lib advapi32.lib shell32.lib ole32.lib oleaut32.lib uuid.lib odbc32.lib odbccp32.lib /MANIFEST /MANIFESTUAC:"level='asInvoker' uiAccess='false'" /manifest:embed /DEBUG /PDB:"D:\University\Лабораторные работы\ОаИП\№11\oaip.lab.11.ex1\x64\Debug\oaip.lab.11.ex1.pdb" /SUBSYSTEM:CONSOLE /TLBID:1 /DYNAMICBASE /NXCOMPAT /IMPLIB:"D:\University\Лабораторные работы\ОаИП\№11\oaip.lab.11.ex1\x64\Debug\oaip.lab.11.ex1.lib" /MACHINE:X64 oaip.lab.11.ex1\x64\Debug\e1.obj
         oaip.lab.11.ex1.vcxproj -> D:\University\Лабораторные работы\ОаИП\№11\oaip.lab.11.ex1\x64\Debug\oaip.lab.11.ex1.exe
       FinalizeBuildStatus:
         Файл "oaip.lab.11.ex1\x64\Debug\oaip.lab.11.ex1.tlog\unsuccessfulbuild" удаляется.
         Обращение к "oaip.lab.11.ex1\x64\Debug\oaip.lab.11.ex1.tlog\oaip.lab.11.ex1.lastbuildstate".
     1>Сборка проекта "D:\University\Лабораторные работы\ОаИП\№11\oaip.lab.11.ex1\oaip.lab.11.ex1.vcxproj" завершена (целевые объекты Build).

Сборка успешно завершена.

       "D:\University\Лабораторные работы\ОаИП\№11\oaip.lab.11.ex1\oaip.lab.11.ex1.vcxproj" (целевой объект Build ) (1) ->
       (Целевой объект ClCompile) -> 
         D:\University\Лабораторные работы\ОаИП\№11\oaip.lab.11.ex1\e1.cpp(6,6): warning C4326: возвращаемый тип "main" должен быть "int", а не "void"

    Предупреждений: 1
    Ошибок: 0

Прошло времени 00:00:01.09
