Сборка начата 22.04.2025 15:53:57.
Уровень детализации журнала: Normal.     1>Проект "D:\University\Labs_1_course\КПО\09_Функции с переменным числом параметров\SE_Lab9\SE_Lab9\SE_Lab9.vcxproj" в узле 2 (целевые объекты Build).
     1>PrepareForBuild:
         Структурированный вывод включен. Форматирование диагностики компилятора будет отражать иерархию ошибок. Подробнее см. https://aka.ms/cpp/structured-output.
         Создание каталога "D:\University\Labs_1_course\КПО\09_Функции с переменным числом параметров\SE_Lab9\x64\Debug\".
         Создание каталога "x64\Debug\SE_Lab9.tlog\".
       InitializeBuildStatus:
         Создание "x64\Debug\SE_Lab9.tlog\unsuccessfulbuild", так как было задано "AlwaysCreate".
         Обращение к "x64\Debug\SE_Lab9.tlog\unsuccessfulbuild".
       ClCompile:
         C:\Program Files\Microsoft Visual Studio\2022\Community\VC\Tools\MSVC\14.41.34120\bin\HostX64\x64\CL.exe /c /ZI /JMC /nologo /W3 /WX- /diagnostics:column /sdl /Od /D _DEBUG /D _CONSOLE /D _UNICODE /D UNICODE /Gm- /EHsc /RTC1 /MDd /GS /fp:precise /Zc:wchar_t /Zc:forScope /Zc:inline /permissive- /Fo"x64\Debug\\" /Fd"x64\Debug\vc143.pdb" /external:W3 /Gd /TP /FC /errorReport:prompt main.cpp Varparm.cpp
         main.cpp
         Varparm.cpp
         Создание кода...
     1>D:\University\Labs_1_course\КПО\09_Функции с переменным числом параметров\SE_Lab9\SE_Lab9\Varparm.cpp(33,1): warning C5082: второй аргумент для "va_start" не является последним именованным параметром
     1>D:\University\Labs_1_course\КПО\09_Функции с переменным числом параметров\SE_Lab9\SE_Lab9\Varparm.cpp(46,1): warning C5082: второй аргумент для "va_start" не является последним именованным параметром
       Link:
         C:\Program Files\Microsoft Visual Studio\2022\Community\VC\Tools\MSVC\14.41.34120\bin\HostX64\x64\link.exe /ERRORREPORT:PROMPT /OUT:"D:\University\Labs_1_course\КПО\09_Функции с переменным числом параметров\SE_Lab9\x64\Debug\SE_Lab9.exe" /INCREMENTAL /ILK:"x64\Debug\SE_Lab9.ilk" /NOLOGO kernel32.lib user32.lib gdi32.lib winspool.lib comdlg32.lib advapi32.lib shell32.lib ole32.lib oleaut32.lib uuid.lib odbc32.lib odbccp32.lib /MANIFEST /MANIFESTUAC:"level='asInvoker' uiAccess='false'" /manifest:embed /DEBUG /PDB:"D:\University\Labs_1_course\КПО\09_Функции с переменным числом параметров\SE_Lab9\x64\Debug\SE_Lab9.pdb" /SUBSYSTEM:CONSOLE /TLBID:1 /DYNAMICBASE /NXCOMPAT /IMPLIB:"D:\University\Labs_1_course\КПО\09_Функции с переменным числом параметров\SE_Lab9\x64\Debug\SE_Lab9.lib" /MACHINE:X64 x64\Debug\main.obj
         x64\Debug\Varparm.obj
         SE_Lab9.vcxproj -> D:\University\Labs_1_course\КПО\09_Функции с переменным числом параметров\SE_Lab9\x64\Debug\SE_Lab9.exe
       FinalizeBuildStatus:
         Файл "x64\Debug\SE_Lab9.tlog\unsuccessfulbuild" удаляется.
         Обращение к "x64\Debug\SE_Lab9.tlog\SE_Lab9.lastbuildstate".
     1>Сборка проекта "D:\University\Labs_1_course\КПО\09_Функции с переменным числом параметров\SE_Lab9\SE_Lab9\SE_Lab9.vcxproj" завершена (целевые объекты Build).

Сборка успешно завершена.

       "D:\University\Labs_1_course\КПО\09_Функции с переменным числом параметров\SE_Lab9\SE_Lab9\SE_Lab9.vcxproj" (целевой объект Build ) (1) ->
       (Целевой объект ClCompile) -> 
         D:\University\Labs_1_course\КПО\09_Функции с переменным числом параметров\SE_Lab9\SE_Lab9\Varparm.cpp(33,1): warning C5082: второй аргумент для "va_start" не является последним именованным параметром
         D:\University\Labs_1_course\КПО\09_Функции с переменным числом параметров\SE_Lab9\SE_Lab9\Varparm.cpp(46,1): warning C5082: второй аргумент для "va_start" не является последним именованным параметром

    Предупреждений: 2
    Ошибок: 0

Прошло времени 00:00:01.53
