Сборка начата 06.04.2025 15:26:35.
Уровень детализации журнала: Normal.     1>Проект "D:\University\Labs_1_course\КПО\06_Статическая библиотека\SE_Lab06S\SE_Lab06\SE_Lab06.vcxproj" в узле 2 (целевые объекты Build).
     1>PrepareForBuild:
         Структурированный вывод включен. Форматирование диагностики компилятора будет отражать иерархию ошибок. Подробнее см. https://aka.ms/cpp/structured-output.
       InitializeBuildStatus:
         Создание "x64\Debug\SE_Lab06.tlog\unsuccessfulbuild", так как было задано "AlwaysCreate".
         Обращение к "x64\Debug\SE_Lab06.tlog\unsuccessfulbuild".
       ClCompile:
         Для всех выходных данных обновления не требуется.
       Link:
         C:\Program Files\Microsoft Visual Studio\2022\Community\VC\Tools\MSVC\14.41.34120\bin\HostX64\x64\link.exe /ERRORREPORT:PROMPT /OUT:"D:\University\Labs_1_course\КПО\06_Статическая библиотека\SE_Lab06S\x64\Debug\SE_Lab06.exe" /INCREMENTAL /ILK:"x64\Debug\SE_Lab06.ilk" /NOLOGO kernel32.lib user32.lib gdi32.lib winspool.lib comdlg32.lib advapi32.lib shell32.lib ole32.lib oleaut32.lib uuid.lib odbc32.lib odbccp32.lib /MANIFEST /MANIFESTUAC:"level='asInvoker' uiAccess='false'" /manifest:embed /DEBUG /PDB:"D:\University\Labs_1_course\КПО\06_Статическая библиотека\SE_Lab06S\x64\Debug\SE_Lab06.pdb" /SUBSYSTEM:CONSOLE /TLBID:1 /DYNAMICBASE /NXCOMPAT /IMPLIB:"D:\University\Labs_1_course\КПО\06_Статическая библиотека\SE_Lab06S\x64\Debug\SE_Lab06.lib" /MACHINE:X64 x64\Debug\SE_Lab06.obj
         x64\Debug\stdafx.obj
         SE_Lab06.vcxproj -> D:\University\Labs_1_course\КПО\06_Статическая библиотека\SE_Lab06S\x64\Debug\SE_Lab06.exe
       FinalizeBuildStatus:
         Файл "x64\Debug\SE_Lab06.tlog\unsuccessfulbuild" удаляется.
         Обращение к "x64\Debug\SE_Lab06.tlog\SE_Lab06.lastbuildstate".
     1>Сборка проекта "D:\University\Labs_1_course\КПО\06_Статическая библиотека\SE_Lab06S\SE_Lab06\SE_Lab06.vcxproj" завершена (целевые объекты Build).

Сборка успешно завершена.
    Предупреждений: 0
    Ошибок: 0

Прошло времени 00:00:00.35
