Сборка начата 12.10.2024 13:57:11.
Уровень детализации журнала: Normal.     1>Проект "D:\University\Лабораторные работы\ОаИП\№7\oaip.lab7\oaip.lab7.v10.ex2\oaip.lab7.v10.ex2.vcxproj" в узле 2 (целевые объекты Build).
     1>PrepareForBuild:
         Структурированный вывод включен. Форматирование диагностики компилятора будет отражать иерархию ошибок. Подробнее см. https://aka.ms/cpp/structured-output.
       InitializeBuildStatus:
         Создание "x64\Debug\oaip.lab.9be4ccb4.tlog\unsuccessfulbuild", так как было задано "AlwaysCreate".
         Обращение к "x64\Debug\oaip.lab.9be4ccb4.tlog\unsuccessfulbuild".
       ClCompile:
         C:\program files\microsoft visual studio\2022\community\VC\Tools\MSVC\14.41.34120\bin\HostX64\x64\CL.exe /c /ZI /JMC /nologo /W3 /WX- /diagnostics:column /sdl /Od /D _DEBUG /D _CONSOLE /D _UNICODE /D UNICODE /Gm- /EHsc /RTC1 /MDd /GS /fp:precise /Zc:wchar_t /Zc:forScope /Zc:inline /permissive- /Fo"x64\Debug\\" /Fd"x64\Debug\vc143.pdb" /external:W3 /Gd /TP /FC /errorReport:prompt l7.v10.ex2.cpp
         l7.v10.ex2.cpp
       Link:
         C:\program files\microsoft visual studio\2022\community\VC\Tools\MSVC\14.41.34120\bin\HostX64\x64\link.exe /ERRORREPORT:PROMPT /OUT:"D:\University\Лабораторные работы\ОаИП\№7\oaip.lab7\x64\Debug\oaip.lab7.v10.ex2.exe" /INCREMENTAL /ILK:"x64\Debug\oaip.lab7.v10.ex2.ilk" /NOLOGO kernel32.lib user32.lib gdi32.lib winspool.lib comdlg32.lib advapi32.lib shell32.lib ole32.lib oleaut32.lib uuid.lib odbc32.lib odbccp32.lib /MANIFEST /MANIFESTUAC:"level='asInvoker' uiAccess='false'" /manifest:embed /DEBUG /PDB:"D:\University\Лабораторные работы\ОаИП\№7\oaip.lab7\x64\Debug\oaip.lab7.v10.ex2.pdb" /SUBSYSTEM:CONSOLE /TLBID:1 /DYNAMICBASE /NXCOMPAT /IMPLIB:"D:\University\Лабораторные работы\ОаИП\№7\oaip.lab7\x64\Debug\oaip.lab7.v10.ex2.lib" /MACHINE:X64 x64\Debug\l7.v10.ex2.obj
         oaip.lab7.v10.ex2.vcxproj -> D:\University\Лабораторные работы\ОаИП\№7\oaip.lab7\x64\Debug\oaip.lab7.v10.ex2.exe
       FinalizeBuildStatus:
         Файл "x64\Debug\oaip.lab.9be4ccb4.tlog\unsuccessfulbuild" удаляется.
         Обращение к "x64\Debug\oaip.lab.9be4ccb4.tlog\oaip.lab7.v10.ex2.lastbuildstate".
     1>Сборка проекта "D:\University\Лабораторные работы\ОаИП\№7\oaip.lab7\oaip.lab7.v10.ex2\oaip.lab7.v10.ex2.vcxproj" завершена (целевые объекты Build).

Сборка успешно завершена.
    Предупреждений: 0
    Ошибок: 0

Прошло времени 00:00:00.84
