Сборка начата 28.09.2024 13:29:00.
Уровень детализации журнала: Normal.     1>Проект "D:\University\Лабораторные работы\ОаИП\№6\oaip.lab6\oaip.lab6\oaip.lab6.vcxproj" в узле 2 (целевые объекты Build).
     1>PrepareForBuild:
         Структурированный вывод включен. Форматирование диагностики компилятора будет отражать иерархию ошибок. Подробнее см. https://aka.ms/cpp/structured-output.
       InitializeBuildStatus:
         Создание "x64\Debug\oaip.lab6.tlog\unsuccessfulbuild", так как было задано "AlwaysCreate".
         Обращение к "x64\Debug\oaip.lab6.tlog\unsuccessfulbuild".
       ClCompile:
         C:\Program Files\Microsoft Visual Studio\2022\Community\VC\Tools\MSVC\14.41.34120\bin\HostX64\x64\CL.exe /c /ZI /JMC /nologo /W3 /WX- /diagnostics:column /sdl /Od /D _DEBUG /D _CONSOLE /D _UNICODE /D UNICODE /Gm- /EHsc /RTC1 /MDd /GS /fp:precise /Zc:wchar_t /Zc:forScope /Zc:inline /permissive- /Fo"x64\Debug\\" /Fd"x64\Debug\vc143.pdb" /external:W3 /Gd /TP /FC /errorReport:prompt l6.v10.cpp
         l6.v10.cpp
     1>D:\University\Лабораторные работы\ОаИП\№6\oaip.lab6\oaip.lab6\l6.v10.cpp(4,6): warning C4326: возвращаемый тип "main" должен быть "int", а не "void"
     1>D:\University\Лабораторные работы\ОаИП\№6\oaip.lab6\oaip.lab6\l6.v10.cpp(11,6): warning C4305: инициализация: усечение из "double" в "float"
     1>D:\University\Лабораторные работы\ОаИП\№6\oaip.lab6\oaip.lab6\l6.v10.cpp(12,6): warning C4244: инициализация: преобразование "double" в "float", возможна потеря данных
     1>D:\University\Лабораторные работы\ОаИП\№6\oaip.lab6\oaip.lab6\l6.v10.cpp(14,6): warning C4244: инициализация: преобразование "double" в "float", возможна потеря данных
     1>D:\University\Лабораторные работы\ОаИП\№6\oaip.lab6\oaip.lab6\l6.v10.cpp(22,6): warning C4305: инициализация: усечение из "double" в "float"
     1>D:\University\Лабораторные работы\ОаИП\№6\oaip.lab6\oaip.lab6\l6.v10.cpp(23,6): warning C4244: инициализация: преобразование "double" в "float", возможна потеря данных
     1>D:\University\Лабораторные работы\ОаИП\№6\oaip.lab6\oaip.lab6\l6.v10.cpp(25,6): warning C4244: инициализация: преобразование "double" в "float", возможна потеря данных
     1>D:\University\Лабораторные работы\ОаИП\№6\oaip.lab6\oaip.lab6\l6.v10.cpp(28,9): warning C4244: =: преобразование "double" в "float", возможна потеря данных
     1>D:\University\Лабораторные работы\ОаИП\№6\oaip.lab6\oaip.lab6\l6.v10.cpp(33,11): warning C4305: инициализация: усечение из "double" в "float"
     1>D:\University\Лабораторные работы\ОаИП\№6\oaip.lab6\oaip.lab6\l6.v10.cpp(36,7): warning C4305: инициализация: усечение из "double" в "float"
     1>D:\University\Лабораторные работы\ОаИП\№6\oaip.lab6\oaip.lab6\l6.v10.cpp(37,7): warning C4244: инициализация: преобразование "double" в "float", возможна потеря данных
     1>D:\University\Лабораторные работы\ОаИП\№6\oaip.lab6\oaip.lab6\l6.v10.cpp(38,7): warning C4244: инициализация: преобразование "double" в "float", возможна потеря данных
     1>D:\University\Лабораторные работы\ОаИП\№6\oaip.lab6\oaip.lab6\l6.v10.cpp(41,10): warning C4244: =: преобразование "double" в "float", возможна потеря данных
       Link:
         C:\Program Files\Microsoft Visual Studio\2022\Community\VC\Tools\MSVC\14.41.34120\bin\HostX64\x64\link.exe /ERRORREPORT:PROMPT /OUT:"D:\University\Лабораторные работы\ОаИП\№6\oaip.lab6\x64\Debug\oaip.lab6.exe" /INCREMENTAL /ILK:"x64\Debug\oaip.lab6.ilk" /NOLOGO kernel32.lib user32.lib gdi32.lib winspool.lib comdlg32.lib advapi32.lib shell32.lib ole32.lib oleaut32.lib uuid.lib odbc32.lib odbccp32.lib /MANIFEST /MANIFESTUAC:"level='asInvoker' uiAccess='false'" /manifest:embed /DEBUG /PDB:"D:\University\Лабораторные работы\ОаИП\№6\oaip.lab6\x64\Debug\oaip.lab6.pdb" /SUBSYSTEM:CONSOLE /TLBID:1 /DYNAMICBASE /NXCOMPAT /IMPLIB:"D:\University\Лабораторные работы\ОаИП\№6\oaip.lab6\x64\Debug\oaip.lab6.lib" /MACHINE:X64 x64\Debug\l6.v10.obj
         oaip.lab6.vcxproj -> D:\University\Лабораторные работы\ОаИП\№6\oaip.lab6\x64\Debug\oaip.lab6.exe
       FinalizeBuildStatus:
         Файл "x64\Debug\oaip.lab6.tlog\unsuccessfulbuild" удаляется.
         Обращение к "x64\Debug\oaip.lab6.tlog\oaip.lab6.lastbuildstate".
     1>Сборка проекта "D:\University\Лабораторные работы\ОаИП\№6\oaip.lab6\oaip.lab6\oaip.lab6.vcxproj" завершена (целевые объекты Build).

Сборка успешно завершена.

       "D:\University\Лабораторные работы\ОаИП\№6\oaip.lab6\oaip.lab6\oaip.lab6.vcxproj" (целевой объект Build ) (1) ->
       (Целевой объект ClCompile) -> 
         D:\University\Лабораторные работы\ОаИП\№6\oaip.lab6\oaip.lab6\l6.v10.cpp(4,6): warning C4326: возвращаемый тип "main" должен быть "int", а не "void"
         D:\University\Лабораторные работы\ОаИП\№6\oaip.lab6\oaip.lab6\l6.v10.cpp(11,6): warning C4305: инициализация: усечение из "double" в "float"
         D:\University\Лабораторные работы\ОаИП\№6\oaip.lab6\oaip.lab6\l6.v10.cpp(12,6): warning C4244: инициализация: преобразование "double" в "float", возможна потеря данных
         D:\University\Лабораторные работы\ОаИП\№6\oaip.lab6\oaip.lab6\l6.v10.cpp(14,6): warning C4244: инициализация: преобразование "double" в "float", возможна потеря данных
         D:\University\Лабораторные работы\ОаИП\№6\oaip.lab6\oaip.lab6\l6.v10.cpp(22,6): warning C4305: инициализация: усечение из "double" в "float"
         D:\University\Лабораторные работы\ОаИП\№6\oaip.lab6\oaip.lab6\l6.v10.cpp(23,6): warning C4244: инициализация: преобразование "double" в "float", возможна потеря данных
         D:\University\Лабораторные работы\ОаИП\№6\oaip.lab6\oaip.lab6\l6.v10.cpp(25,6): warning C4244: инициализация: преобразование "double" в "float", возможна потеря данных
         D:\University\Лабораторные работы\ОаИП\№6\oaip.lab6\oaip.lab6\l6.v10.cpp(28,9): warning C4244: =: преобразование "double" в "float", возможна потеря данных
         D:\University\Лабораторные работы\ОаИП\№6\oaip.lab6\oaip.lab6\l6.v10.cpp(33,11): warning C4305: инициализация: усечение из "double" в "float"
         D:\University\Лабораторные работы\ОаИП\№6\oaip.lab6\oaip.lab6\l6.v10.cpp(36,7): warning C4305: инициализация: усечение из "double" в "float"
         D:\University\Лабораторные работы\ОаИП\№6\oaip.lab6\oaip.lab6\l6.v10.cpp(37,7): warning C4244: инициализация: преобразование "double" в "float", возможна потеря данных
         D:\University\Лабораторные работы\ОаИП\№6\oaip.lab6\oaip.lab6\l6.v10.cpp(38,7): warning C4244: инициализация: преобразование "double" в "float", возможна потеря данных
         D:\University\Лабораторные работы\ОаИП\№6\oaip.lab6\oaip.lab6\l6.v10.cpp(41,10): warning C4244: =: преобразование "double" в "float", возможна потеря данных

    Предупреждений: 13
    Ошибок: 0

Прошло времени 00:00:01.97
