Сборка начата 24.03.2025 9:28:49.
Уровень детализации журнала: Normal.     1>Проект "D:\University\Labs_1_course\КПО\03_Стек вызовов\kpo_lab3\kpo_lab3.vcxproj" в узле 2 (целевые объекты Build).
     1>PrepareForBuild:
         Структурированный вывод включен. Форматирование диагностики компилятора будет отражать иерархию ошибок. Подробнее см. https://aka.ms/cpp/structured-output.
       InitializeBuildStatus:
         Создание "kpo_lab3\x64\Debug\kpo_lab3.tlog\unsuccessfulbuild", так как было задано "AlwaysCreate".
         Обращение к "kpo_lab3\x64\Debug\kpo_lab3.tlog\unsuccessfulbuild".
       ClCompile:
         C:\Program Files\Microsoft Visual Studio\2022\Community\VC\Tools\MSVC\14.41.34120\bin\HostX64\x64\CL.exe /c /ZI /JMC /nologo /W3 /WX- /diagnostics:column /sdl /Od /D _DEBUG /D _CONSOLE /D _UNICODE /D UNICODE /Gm- /EHsc /RTC1 /MDd /GS /fp:precise /Zc:wchar_t /Zc:forScope /Zc:inline /permissive- /Fo"kpo_lab3\x64\Debug\\" /Fd"kpo_lab3\x64\Debug\vc143.pdb" /external:W3 /Gd /TP /FC /errorReport:prompt ..\SE_kpo_lab3\detViscosity.cpp ..\SE_kpo_lab3\kpo_lab3.cpp
         detViscosity.cpp
         kpo_lab3.cpp
         Создание кода...
       Link:
         C:\Program Files\Microsoft Visual Studio\2022\Community\VC\Tools\MSVC\14.41.34120\bin\HostX64\x64\link.exe /ERRORREPORT:PROMPT /OUT:"D:\University\Labs_1_course\КПО\03_Стек вызовов\kpo_lab3\x64\Debug\kpo_lab3.exe" /INCREMENTAL /ILK:"kpo_lab3\x64\Debug\kpo_lab3.ilk" /NOLOGO kernel32.lib user32.lib gdi32.lib winspool.lib comdlg32.lib advapi32.lib shell32.lib ole32.lib oleaut32.lib uuid.lib odbc32.lib odbccp32.lib /MANIFEST /MANIFESTUAC:"level='asInvoker' uiAccess='false'" /manifest:embed /DEBUG /PDB:"D:\University\Labs_1_course\КПО\03_Стек вызовов\kpo_lab3\x64\Debug\kpo_lab3.pdb" /SUBSYSTEM:CONSOLE /TLBID:1 /DYNAMICBASE /NXCOMPAT /IMPLIB:"D:\University\Labs_1_course\КПО\03_Стек вызовов\kpo_lab3\x64\Debug\kpo_lab3.lib" /MACHINE:X64 kpo_lab3\x64\Debug\detSerialNumber.obj
         kpo_lab3\x64\Debug\detViscosity.obj
         kpo_lab3\x64\Debug\kpo_lab3.obj
         kpo_lab3\x64\Debug\showDate.obj
         kpo_lab3\x64\Debug\showMonth.obj
         kpo_lab3\x64\Debug\splitData.obj
         kpo_lab3\x64\Debug\stdafx.obj
         kpo_lab3.vcxproj -> D:\University\Labs_1_course\КПО\03_Стек вызовов\kpo_lab3\x64\Debug\kpo_lab3.exe
       FinalizeBuildStatus:
         Файл "kpo_lab3\x64\Debug\kpo_lab3.tlog\unsuccessfulbuild" удаляется.
         Обращение к "kpo_lab3\x64\Debug\kpo_lab3.tlog\kpo_lab3.lastbuildstate".
     1>Сборка проекта "D:\University\Labs_1_course\КПО\03_Стек вызовов\kpo_lab3\kpo_lab3.vcxproj" завершена (целевые объекты Build).

Сборка успешно завершена.
    Предупреждений: 0
    Ошибок: 0

Прошло времени 00:00:01.50
