Сборка начата 14.09.2024 13:24:51.
Уровень детализации журнала: Normal.     1>Проект "D:\University\Лабораторные работы\ОаИП\№3\lavshuk3 v3\lavshuk3 v3.vcxproj" в узле 2 (целевые объекты Build).
     1>PrepareForBuild:
         Структурированный вывод включен. Форматирование диагностики компилятора будет отражать иерархию ошибок. Подробнее см. https://aka.ms/cpp/structured-output.
       InitializeBuildStatus:
         Создание "lavshuk3 v3\x64\Debug\lavshuk3 v3.tlog\unsuccessfulbuild", так как было задано "AlwaysCreate".
         Обращение к "lavshuk3 v3\x64\Debug\lavshuk3 v3.tlog\unsuccessfulbuild".
       ClCompile:
         C:\Program Files\Microsoft Visual Studio\2022\Community\VC\Tools\MSVC\14.41.34120\bin\HostX64\x64\CL.exe /c /ZI /JMC /nologo /W3 /WX- /diagnostics:column /sdl /Od /D _DEBUG /D _CONSOLE /D _UNICODE /D UNICODE /Gm- /EHsc /RTC1 /MDd /GS /fp:precise /Zc:wchar_t /Zc:forScope /Zc:inline /permissive- /Fo"lavshuk3 v3\x64\Debug\\" /Fd"lavshuk3 v3\x64\Debug\vc143.pdb" /external:W3 /Gd /TP /FC /errorReport:prompt "lavshuk3 v3.cpp"
         lavshuk3 v3.cpp
     1>D:\University\Лабораторные работы\ОаИП\№3\lavshuk3 v3\lavshuk3 v3.cpp(5,6): warning C4326: возвращаемый тип "main" должен быть "int", а не "void"
     1>D:\University\Лабораторные работы\ОаИП\№3\lavshuk3 v3\lavshuk3 v3.cpp(7,19): warning C4244: инициализация: преобразование "double" в "float", возможна потеря данных
       Link:
         C:\Program Files\Microsoft Visual Studio\2022\Community\VC\Tools\MSVC\14.41.34120\bin\HostX64\x64\link.exe /ERRORREPORT:PROMPT /OUT:"D:\University\Лабораторные работы\ОаИП\№3\lavshuk3 v3\x64\Debug\lavshuk3 v3.exe" /INCREMENTAL /ILK:"lavshuk3 v3\x64\Debug\lavshuk3 v3.ilk" /NOLOGO kernel32.lib user32.lib gdi32.lib winspool.lib comdlg32.lib advapi32.lib shell32.lib ole32.lib oleaut32.lib uuid.lib odbc32.lib odbccp32.lib /MANIFEST /MANIFESTUAC:"level='asInvoker' uiAccess='false'" /manifest:embed /DEBUG /PDB:"D:\University\Лабораторные работы\ОаИП\№3\lavshuk3 v3\x64\Debug\lavshuk3 v3.pdb" /SUBSYSTEM:CONSOLE /TLBID:1 /DYNAMICBASE /NXCOMPAT /IMPLIB:"D:\University\Лабораторные работы\ОаИП\№3\lavshuk3 v3\x64\Debug\lavshuk3 v3.lib" /MACHINE:X64 "lavshuk3 v3\x64\Debug\lavshuk3 v3.obj"
         lavshuk3 v3.vcxproj -> D:\University\Лабораторные работы\ОаИП\№3\lavshuk3 v3\x64\Debug\lavshuk3 v3.exe
       FinalizeBuildStatus:
         Файл "lavshuk3 v3\x64\Debug\lavshuk3 v3.tlog\unsuccessfulbuild" удаляется.
         Обращение к "lavshuk3 v3\x64\Debug\lavshuk3 v3.tlog\lavshuk3 v3.lastbuildstate".
     1>Сборка проекта "D:\University\Лабораторные работы\ОаИП\№3\lavshuk3 v3\lavshuk3 v3.vcxproj" завершена (целевые объекты Build).

Сборка успешно завершена.

       "D:\University\Лабораторные работы\ОаИП\№3\lavshuk3 v3\lavshuk3 v3.vcxproj" (целевой объект Build ) (1) ->
       (Целевой объект ClCompile) -> 
         D:\University\Лабораторные работы\ОаИП\№3\lavshuk3 v3\lavshuk3 v3.cpp(5,6): warning C4326: возвращаемый тип "main" должен быть "int", а не "void"
         D:\University\Лабораторные работы\ОаИП\№3\lavshuk3 v3\lavshuk3 v3.cpp(7,19): warning C4244: инициализация: преобразование "double" в "float", возможна потеря данных

    Предупреждений: 2
    Ошибок: 0

Прошло времени 00:00:01.42
