Сборка начата 18.09.2024 16:57:45.
Уровень детализации журнала: Normal.     1>Проект "D:\University\Лабораторные работы\ОаИП\№4\l4.v10.ex2\l4.v10.ex2.vcxproj" в узле 2 (целевые объекты Build).
     1>PrepareForBuild:
         Структурированный вывод включен. Форматирование диагностики компилятора будет отражать иерархию ошибок. Подробнее см. https://aka.ms/cpp/structured-output.
       InitializeBuildStatus:
         Обращение к "x64\Debug\l4.v10.ex2.tlog\unsuccessfulbuild".
       ClCompile:
         C:\program files\microsoft visual studio\2022\community\VC\Tools\MSVC\14.41.34120\bin\HostX64\x64\CL.exe /c /ZI /JMC /nologo /W3 /WX- /diagnostics:column /sdl /Od /D _DEBUG /D _CONSOLE /D _UNICODE /D UNICODE /Gm- /EHsc /RTC1 /MDd /GS /fp:precise /Zc:wchar_t /Zc:forScope /Zc:inline /permissive- /Fo"x64\Debug\\" /Fd"x64\Debug\vc143.pdb" /external:W3 /Gd /TP /FC /errorReport:prompt ..\l4.v10\l4.v10.ex2.cpp
         l4.v10.ex2.cpp
       Link:
         C:\program files\microsoft visual studio\2022\community\VC\Tools\MSVC\14.41.34120\bin\HostX64\x64\link.exe /ERRORREPORT:PROMPT /OUT:"D:\University\Лабораторные работы\ОаИП\№4\l4.v10\x64\Debug\l4.v10.ex2.exe" /INCREMENTAL /ILK:"x64\Debug\l4.v10.ex2.ilk" /NOLOGO kernel32.lib user32.lib gdi32.lib winspool.lib comdlg32.lib advapi32.lib shell32.lib ole32.lib oleaut32.lib uuid.lib odbc32.lib odbccp32.lib /MANIFEST /MANIFESTUAC:"level='asInvoker' uiAccess='false'" /manifest:embed /DEBUG /PDB:"D:\University\Лабораторные работы\ОаИП\№4\l4.v10\x64\Debug\l4.v10.ex2.pdb" /SUBSYSTEM:CONSOLE /TLBID:1 /DYNAMICBASE /NXCOMPAT /IMPLIB:"D:\University\Лабораторные работы\ОаИП\№4\l4.v10\x64\Debug\l4.v10.ex2.lib" /MACHINE:X64 x64\Debug\l4.v10.ex2.obj
     1>MSVCRTD.lib(exe_main.obj) : error LNK2019: ссылка на неразрешенный внешний символ main в функции "int __cdecl invoke_main(void)" (?invoke_main@@YAHXZ).
     1>D:\University\Лабораторные работы\ОаИП\№4\l4.v10\x64\Debug\l4.v10.ex2.exe : fatal error LNK1120: неразрешенных внешних элементов: 1
     1>Сборка проекта "D:\University\Лабораторные работы\ОаИП\№4\l4.v10.ex2\l4.v10.ex2.vcxproj" завершена (целевые объекты Build) с ошибкой.

Ошибка сборки.

       "D:\University\Лабораторные работы\ОаИП\№4\l4.v10.ex2\l4.v10.ex2.vcxproj" (целевой объект Build ) (1) ->
       (Целевой объект Link) -> 
         MSVCRTD.lib(exe_main.obj) : error LNK2019: ссылка на неразрешенный внешний символ main в функции "int __cdecl invoke_main(void)" (?invoke_main@@YAHXZ).
         D:\University\Лабораторные работы\ОаИП\№4\l4.v10\x64\Debug\l4.v10.ex2.exe : fatal error LNK1120: неразрешенных внешних элементов: 1

    Предупреждений: 0
    Ошибок: 2

Прошло времени 00:00:01.13
