Сборка начата 28.09.2024 13:29:45.
Уровень детализации журнала: Normal.     1>Проект "D:\University\Лабораторные работы\ОаИП\№6\oaip.lab6\oaip.lab6.ex4\oaip.lab6.ex4.vcxproj" в узле 2 (целевые объекты Build).
     1>PrepareForBuild:
         Структурированный вывод включен. Форматирование диагностики компилятора будет отражать иерархию ошибок. Подробнее см. https://aka.ms/cpp/structured-output.
       InitializeBuildStatus:
         Создание "x64\Debug\oaip.lab6.ex4.tlog\unsuccessfulbuild", так как было задано "AlwaysCreate".
         Обращение к "x64\Debug\oaip.lab6.ex4.tlog\unsuccessfulbuild".
       ClCompile:
         C:\Program Files\Microsoft Visual Studio\2022\Community\VC\Tools\MSVC\14.41.34120\bin\HostX64\x64\CL.exe /c /ZI /JMC /nologo /W3 /WX- /diagnostics:column /sdl /Od /D _DEBUG /D _CONSOLE /D _UNICODE /D UNICODE /Gm- /EHsc /RTC1 /MDd /GS /fp:precise /Zc:wchar_t /Zc:forScope /Zc:inline /permissive- /Fo"x64\Debug\\" /Fd"x64\Debug\vc143.pdb" /external:W3 /Gd /TP /FC /errorReport:prompt l6.ex4.cpp
         l6.ex4.cpp
     1>D:\University\Лабораторные работы\ОаИП\№6\oaip.lab6\oaip.lab6.ex4\l6.ex4.cpp(4,6): warning C4326: возвращаемый тип "main" должен быть "int", а не "void"
     1>D:\University\Лабораторные работы\ОаИП\№6\oaip.lab6\oaip.lab6.ex4\l6.ex4.cpp(9,10): warning C4244: =: преобразование "double" в "__int64", возможна потеря данных
       Link:
         C:\Program Files\Microsoft Visual Studio\2022\Community\VC\Tools\MSVC\14.41.34120\bin\HostX64\x64\link.exe /ERRORREPORT:PROMPT /OUT:"D:\University\Лабораторные работы\ОаИП\№6\oaip.lab6\x64\Debug\oaip.lab6.ex4.exe" /INCREMENTAL /ILK:"x64\Debug\oaip.lab6.ex4.ilk" /NOLOGO kernel32.lib user32.lib gdi32.lib winspool.lib comdlg32.lib advapi32.lib shell32.lib ole32.lib oleaut32.lib uuid.lib odbc32.lib odbccp32.lib /MANIFEST /MANIFESTUAC:"level='asInvoker' uiAccess='false'" /manifest:embed /DEBUG /PDB:"D:\University\Лабораторные работы\ОаИП\№6\oaip.lab6\x64\Debug\oaip.lab6.ex4.pdb" /SUBSYSTEM:CONSOLE /TLBID:1 /DYNAMICBASE /NXCOMPAT /IMPLIB:"D:\University\Лабораторные работы\ОаИП\№6\oaip.lab6\x64\Debug\oaip.lab6.ex4.lib" /MACHINE:X64 x64\Debug\l6.ex4.obj
         oaip.lab6.ex4.vcxproj -> D:\University\Лабораторные работы\ОаИП\№6\oaip.lab6\x64\Debug\oaip.lab6.ex4.exe
       FinalizeBuildStatus:
         Файл "x64\Debug\oaip.lab6.ex4.tlog\unsuccessfulbuild" удаляется.
         Обращение к "x64\Debug\oaip.lab6.ex4.tlog\oaip.lab6.ex4.lastbuildstate".
     1>Сборка проекта "D:\University\Лабораторные работы\ОаИП\№6\oaip.lab6\oaip.lab6.ex4\oaip.lab6.ex4.vcxproj" завершена (целевые объекты Build).

Сборка успешно завершена.

       "D:\University\Лабораторные работы\ОаИП\№6\oaip.lab6\oaip.lab6.ex4\oaip.lab6.ex4.vcxproj" (целевой объект Build ) (1) ->
       (Целевой объект ClCompile) -> 
         D:\University\Лабораторные работы\ОаИП\№6\oaip.lab6\oaip.lab6.ex4\l6.ex4.cpp(4,6): warning C4326: возвращаемый тип "main" должен быть "int", а не "void"
         D:\University\Лабораторные работы\ОаИП\№6\oaip.lab6\oaip.lab6.ex4\l6.ex4.cpp(9,10): warning C4244: =: преобразование "double" в "__int64", возможна потеря данных

    Предупреждений: 2
    Ошибок: 0

Прошло времени 00:00:01.02
