Сборка начата 14.09.2024 14:10:31.
Уровень детализации журнала: Normal.     1>Проект "D:\University\Лабораторные работы\ОаИП\№3\lavshuk3 v15\lavshuk3.vcxproj" в узле 2 (целевые объекты Build).
     1>PrepareForBuild:
         Структурированный вывод включен. Форматирование диагностики компилятора будет отражать иерархию ошибок. Подробнее см. https://aka.ms/cpp/structured-output.
       InitializeBuildStatus:
         Создание "lavshuk3\x64\Debug\lavshuk3.tlog\unsuccessfulbuild", так как было задано "AlwaysCreate".
         Обращение к "lavshuk3\x64\Debug\lavshuk3.tlog\unsuccessfulbuild".
       ClCompile:
         C:\program files\microsoft visual studio\2022\community\VC\Tools\MSVC\14.41.34120\bin\HostX64\x64\CL.exe /c /ZI /JMC /nologo /W3 /WX- /diagnostics:column /sdl /Od /D _DEBUG /D _CONSOLE /D _UNICODE /D UNICODE /Gm- /EHsc /RTC1 /MDd /GS /fp:precise /Zc:wchar_t /Zc:forScope /Zc:inline /permissive- /Fo"lavshuk3\x64\Debug\\" /Fd"lavshuk3\x64\Debug\vc143.pdb" /external:W3 /Gd /TP /FC /errorReport:prompt main.cpp
         main.cpp
     1>D:\University\Лабораторные работы\ОаИП\№3\lavshuk3 v15\main.cpp(13,6): warning C4326: возвращаемый тип "main" должен быть "int", а не "void"
       Link:
         C:\program files\microsoft visual studio\2022\community\VC\Tools\MSVC\14.41.34120\bin\HostX64\x64\link.exe /ERRORREPORT:PROMPT /OUT:"D:\University\Лабораторные работы\ОаИП\№3\lavshuk3 v15\x64\Debug\lavshuk3.exe" /INCREMENTAL /ILK:"lavshuk3\x64\Debug\lavshuk3.ilk" /NOLOGO kernel32.lib user32.lib gdi32.lib winspool.lib comdlg32.lib advapi32.lib shell32.lib ole32.lib oleaut32.lib uuid.lib odbc32.lib odbccp32.lib /MANIFEST /MANIFESTUAC:"level='asInvoker' uiAccess='false'" /manifest:embed /DEBUG /PDB:"D:\University\Лабораторные работы\ОаИП\№3\lavshuk3 v15\x64\Debug\lavshuk3.pdb" /SUBSYSTEM:CONSOLE /TLBID:1 /DYNAMICBASE /NXCOMPAT /IMPLIB:"D:\University\Лабораторные работы\ОаИП\№3\lavshuk3 v15\x64\Debug\lavshuk3.lib" /MACHINE:X64 lavshuk3\x64\Debug\main.obj
         lavshuk3.vcxproj -> D:\University\Лабораторные работы\ОаИП\№3\lavshuk3 v15\x64\Debug\lavshuk3.exe
       FinalizeBuildStatus:
         Файл "lavshuk3\x64\Debug\lavshuk3.tlog\unsuccessfulbuild" удаляется.
         Обращение к "lavshuk3\x64\Debug\lavshuk3.tlog\lavshuk3.lastbuildstate".
     1>Сборка проекта "D:\University\Лабораторные работы\ОаИП\№3\lavshuk3 v15\lavshuk3.vcxproj" завершена (целевые объекты Build).

Сборка успешно завершена.

       "D:\University\Лабораторные работы\ОаИП\№3\lavshuk3 v15\lavshuk3.vcxproj" (целевой объект Build ) (1) ->
       (Целевой объект ClCompile) -> 
         D:\University\Лабораторные работы\ОаИП\№3\lavshuk3 v15\main.cpp(13,6): warning C4326: возвращаемый тип "main" должен быть "int", а не "void"

    Предупреждений: 1
    Ошибок: 0

Прошло времени 00:00:00.98
