Сборка начата 30.04.2025 11:17:34.
Уровень детализации журнала: Normal.     1>Проект "D:\University\Labs_1_course\КПО\07_Соглашение о вызове\SE_Lab7\SE_Lab7\SE_Lab7.vcxproj" в узле 2 (целевые объекты Build).
     1>PrepareForBuild:
         Структурированный вывод включен. Форматирование диагностики компилятора будет отражать иерархию ошибок. Подробнее см. https://aka.ms/cpp/structured-output.
       InitializeBuildStatus:
         Обращение к "x64\Debug\SE_Lab7.tlog\unsuccessfulbuild".
       ClCompile:
         Для всех выходных данных обновления не требуется.
       Link:
         C:\Program Files\Microsoft Visual Studio\2022\Community\VC\Tools\MSVC\14.41.34120\bin\HostX64\x64\link.exe /ERRORREPORT:PROMPT /OUT:"D:\University\Labs_1_course\КПО\07_Соглашение о вызове\SE_Lab7\x64\Debug\SE_Lab7.exe" /INCREMENTAL /ILK:"x64\Debug\SE_Lab7.ilk" /NOLOGO kernel32.lib user32.lib gdi32.lib winspool.lib comdlg32.lib advapi32.lib shell32.lib ole32.lib oleaut32.lib uuid.lib odbc32.lib odbccp32.lib /MANIFEST /MANIFESTUAC:"level='asInvoker' uiAccess='false'" /manifest:embed /DEBUG /PDB:"D:\University\Labs_1_course\КПО\07_Соглашение о вызове\SE_Lab7\x64\Debug\SE_Lab7.pdb" /SUBSYSTEM:CONSOLE /TLBID:1 /DYNAMICBASE /NXCOMPAT /IMPLIB:"D:\University\Labs_1_course\КПО\07_Соглашение о вызове\SE_Lab7\x64\Debug\SE_Lab7.lib" /MACHINE:X64 x64\Debug\Call.obj
         x64\Debug\main.obj
         SE_Lab7.vcxproj -> D:\University\Labs_1_course\КПО\07_Соглашение о вызове\SE_Lab7\x64\Debug\SE_Lab7.exe
       FinalizeBuildStatus:
         Файл "x64\Debug\SE_Lab7.tlog\unsuccessfulbuild" удаляется.
         Обращение к "x64\Debug\SE_Lab7.tlog\SE_Lab7.lastbuildstate".
     1>Сборка проекта "D:\University\Labs_1_course\КПО\07_Соглашение о вызове\SE_Lab7\SE_Lab7\SE_Lab7.vcxproj" завершена (целевые объекты Build).

Сборка успешно завершена.
    Предупреждений: 0
    Ошибок: 0

Прошло времени 00:00:00.26
