Сборка начата 12.12.2024 4:20:16.
Уровень детализации журнала: Normal.     1>Проект "D:\University\Labs_1_course\ОАиП\№17\oaip.lab17.project\Дополнительное\Дополнительное.vcxproj" в узле 2 (целевые объекты Build).
     1>PrepareForBuild:
         Структурированный вывод включен. Форматирование диагностики компилятора будет отражать иерархию ошибок. Подробнее см. https://aka.ms/cpp/structured-output.
       InitializeBuildStatus:
         Создание "x64\Debug\Дополнительное.tlog\unsuccessfulbuild", так как было задано "AlwaysCreate".
         Обращение к "x64\Debug\Дополнительное.tlog\unsuccessfulbuild".
       ClCompile:
         C:\Program Files\Microsoft Visual Studio\2022\Community\VC\Tools\MSVC\14.41.34120\bin\HostX64\x64\CL.exe /c /ZI /JMC /nologo /W3 /WX- /diagnostics:column /sdl /Od /D _DEBUG /D _CONSOLE /D _UNICODE /D UNICODE /Gm- /EHsc /RTC1 /MDd /GS /fp:precise /Zc:wchar_t /Zc:forScope /Zc:inline /permissive- /Fo"x64\Debug\\" /Fd"x64\Debug\vc143.pdb" /external:W3 /Gd /TP /FC /errorReport:prompt additional.cpp
         additional.cpp
     1>D:\University\Labs_1_course\ОАиП\№17\oaip.lab17.project\Дополнительное\additional.cpp(230,1): warning C4715: findRowOfNegative: значение возвращается не при всех путях выполнения
       Link:
         C:\Program Files\Microsoft Visual Studio\2022\Community\VC\Tools\MSVC\14.41.34120\bin\HostX64\x64\link.exe /ERRORREPORT:PROMPT /OUT:"D:\University\Labs_1_course\ОАиП\№17\oaip.lab17.project\x64\Debug\Дополнительное.exe" /INCREMENTAL /ILK:"x64\Debug\Дополнительное.ilk" /NOLOGO kernel32.lib user32.lib gdi32.lib winspool.lib comdlg32.lib advapi32.lib shell32.lib ole32.lib oleaut32.lib uuid.lib odbc32.lib odbccp32.lib /MANIFEST /MANIFESTUAC:"level='asInvoker' uiAccess='false'" /manifest:embed /DEBUG /PDB:"D:\University\Labs_1_course\ОАиП\№17\oaip.lab17.project\x64\Debug\Дополнительное.pdb" /SUBSYSTEM:CONSOLE /TLBID:1 /DYNAMICBASE /NXCOMPAT /IMPLIB:"D:\University\Labs_1_course\ОАиП\№17\oaip.lab17.project\x64\Debug\Дополнительное.lib" /MACHINE:X64 x64\Debug\additional.obj
         Дополнительное.vcxproj -> D:\University\Labs_1_course\ОАиП\№17\oaip.lab17.project\x64\Debug\Дополнительное.exe
       FinalizeBuildStatus:
         Файл "x64\Debug\Дополнительное.tlog\unsuccessfulbuild" удаляется.
         Обращение к "x64\Debug\Дополнительное.tlog\Дополнительное.lastbuildstate".
     1>Сборка проекта "D:\University\Labs_1_course\ОАиП\№17\oaip.lab17.project\Дополнительное\Дополнительное.vcxproj" завершена (целевые объекты Build).

Сборка успешно завершена.

       "D:\University\Labs_1_course\ОАиП\№17\oaip.lab17.project\Дополнительное\Дополнительное.vcxproj" (целевой объект Build ) (1) ->
       (Целевой объект ClCompile) -> 
         D:\University\Labs_1_course\ОАиП\№17\oaip.lab17.project\Дополнительное\additional.cpp(230,1): warning C4715: findRowOfNegative: значение возвращается не при всех путях выполнения

    Предупреждений: 1
    Ошибок: 0

Прошло времени 00:00:00.46
