Сборка начата 23.11.2024 14:19:40.
Уровень детализации журнала: Normal.     1>Проект "D:\University\Лабораторные работы\ОаИП\№11\lab.11.dops\lab.11.dops.vcxproj" в узле 2 (целевые объекты Build).
     1>PrepareForBuild:
         Структурированный вывод включен. Форматирование диагностики компилятора будет отражать иерархию ошибок. Подробнее см. https://aka.ms/cpp/structured-output.
       InitializeBuildStatus:
         Создание "x64\Debug\lab.11.dops.tlog\unsuccessfulbuild", так как было задано "AlwaysCreate".
         Обращение к "x64\Debug\lab.11.dops.tlog\unsuccessfulbuild".
       ClCompile:
         C:\Program Files\Microsoft Visual Studio\2022\Community\VC\Tools\MSVC\14.41.34120\bin\HostX64\x64\CL.exe /c /ZI /JMC /nologo /W3 /WX- /diagnostics:column /sdl /Od /D _DEBUG /D _CONSOLE /D _UNICODE /D UNICODE /Gm- /EHsc /RTC1 /MDd /GS /fp:precise /Zc:wchar_t /Zc:forScope /Zc:inline /permissive- /Fo"x64\Debug\\" /Fd"x64\Debug\vc143.pdb" /external:W3 /Gd /TP /FC /errorReport:prompt dops.cpp
         dops.cpp
     1>D:\University\Лабораторные работы\ОаИП\№11\lab.11.dops\dops.cpp(72,24): warning C4554: "<<": проверьте приоритет операторов на ошибки; для уточнения приоритета используйте скобки
       Link:
         C:\Program Files\Microsoft Visual Studio\2022\Community\VC\Tools\MSVC\14.41.34120\bin\HostX64\x64\link.exe /ERRORREPORT:PROMPT /OUT:"D:\University\Лабораторные работы\ОаИП\№11\oaip.lab.11.ex1\x64\Debug\lab.11.dops.exe" /INCREMENTAL /ILK:"x64\Debug\lab.11.dops.ilk" /NOLOGO kernel32.lib user32.lib gdi32.lib winspool.lib comdlg32.lib advapi32.lib shell32.lib ole32.lib oleaut32.lib uuid.lib odbc32.lib odbccp32.lib /MANIFEST /MANIFESTUAC:"level='asInvoker' uiAccess='false'" /manifest:embed /DEBUG /PDB:"D:\University\Лабораторные работы\ОаИП\№11\oaip.lab.11.ex1\x64\Debug\lab.11.dops.pdb" /SUBSYSTEM:CONSOLE /TLBID:1 /DYNAMICBASE /NXCOMPAT /IMPLIB:"D:\University\Лабораторные работы\ОаИП\№11\oaip.lab.11.ex1\x64\Debug\lab.11.dops.lib" /MACHINE:X64 x64\Debug\dops.obj
         lab.11.dops.vcxproj -> D:\University\Лабораторные работы\ОаИП\№11\oaip.lab.11.ex1\x64\Debug\lab.11.dops.exe
       FinalizeBuildStatus:
         Файл "x64\Debug\lab.11.dops.tlog\unsuccessfulbuild" удаляется.
         Обращение к "x64\Debug\lab.11.dops.tlog\lab.11.dops.lastbuildstate".
     1>Сборка проекта "D:\University\Лабораторные работы\ОаИП\№11\lab.11.dops\lab.11.dops.vcxproj" завершена (целевые объекты Build).

Сборка успешно завершена.

       "D:\University\Лабораторные работы\ОаИП\№11\lab.11.dops\lab.11.dops.vcxproj" (целевой объект Build ) (1) ->
       (Целевой объект ClCompile) -> 
         D:\University\Лабораторные работы\ОаИП\№11\lab.11.dops\dops.cpp(72,24): warning C4554: "<<": проверьте приоритет операторов на ошибки; для уточнения приоритета используйте скобки

    Предупреждений: 1
    Ошибок: 0

Прошло времени 00:00:01.11
